{"level":"info","message":"Activity logged","metadata":{"activity_type":"CREATE","description":"Created complaint: kundan","module":"Complaint","timestamp":"2025-07-14T17:23:58.302Z","user_id":293},"timestamp":"2025-07-14T17:23:58.304Z"}
{"level":"info","message":"Activity logged","metadata":{"activity_type":"CREATE","description":"Created complaint: jadhavar ji","module":"Complaint","timestamp":"2025-07-14T17:42:40.332Z","user_id":293},"timestamp":"2025-07-14T17:42:40.333Z"}
{"level":"info","message":"Activity logged","metadata":{"activity_type":"CREATE","description":"Created complaint: kundanaks","module":"Complaint","timestamp":"2025-07-14T17:43:03.151Z","user_id":293},"timestamp":"2025-07-14T17:43:03.151Z"}
{"level":"info","message":"Activity logged","metadata":{"activity_type":"CREATE","description":"Created new department: Admin","module":"Admin","timestamp":"2025-07-14T18:24:05.582Z","user_id":100},"timestamp":"2025-07-14T18:24:05.584Z"}
{"level":"info","message":"Activity logged","metadata":{"activity_type":"CREATE","description":"Created new subadmin: kundan for department 2","module":"Admin","timestamp":"2025-07-14T19:37:08.470Z","user_id":100},"timestamp":"2025-07-14T19:37:08.471Z"}
{"level":"info","message":"Activity logged","metadata":{"activity_type":"CREATE","description":"Created new subadmin: subadmintwo for department 1","module":"Admin","timestamp":"2025-07-14T19:44:33.255Z","user_id":100},"timestamp":"2025-07-14T19:44:33.255Z"}
{"level":"info","message":"Activity logged","metadata":{"activity_type":"CREATE","description":"Added task for complaint 3","module":"SubadminTask","timestamp":"2025-07-14T20:02:01.570Z","user_id":123},"timestamp":"2025-07-14T20:02:01.571Z"}
{"level":"info","message":"Activity logged","metadata":{"activity_type":"CREATE","description":"Created complaint: Kundan Datta Gite and net","module":"Complaint","timestamp":"2025-07-14T20:45:25.989Z","user_id":293},"timestamp":"2025-07-14T20:45:25.989Z"}
{"level":"info","message":"Activity logged","metadata":{"activity_type":"CREATE","description":"Added task for complaint 4","module":"SubadminTask","timestamp":"2025-07-14T20:46:56.750Z","user_id":123},"timestamp":"2025-07-14T20:46:56.750Z"}
{"level":"info","message":"Activity logged","metadata":{"activity_type":"CREATE","description":"Created complaint: Keshav Jha's compliant","module":"Complaint","timestamp":"2025-07-15T01:47:11.251Z","user_id":234},"timestamp":"2025-07-15T01:47:11.252Z"}
{"level":"info","message":"Activity logged","metadata":{"activity_type":"CREATE","description":"Created complaint: kesha jha's compliant ","module":"Complaint","timestamp":"2025-07-15T02:20:37.850Z","user_id":869},"timestamp":"2025-07-15T02:20:37.851Z"}
{"level":"info","message":"Activity logged","metadata":{"activity_type":"CREATE","description":"Created new subadmin: subadmin for department 1","module":"Admin","timestamp":"2025-07-15T02:23:59.848Z","user_id":100},"timestamp":"2025-07-15T02:23:59.848Z"}
{"level":"info","message":"Activity logged","metadata":{"activity_type":"CREATE","description":"Created new subadmin: subadmintwo for department 2","module":"Admin","timestamp":"2025-07-15T02:25:30.205Z","user_id":100},"timestamp":"2025-07-15T02:25:30.205Z"}
{"level":"info","message":"Activity logged","metadata":{"activity_type":"CREATE","description":"Added task for complaint 1","module":"SubadminTask","timestamp":"2025-07-15T02:29:16.315Z","user_id":234},"timestamp":"2025-07-15T02:29:16.315Z"}
{"level":"info","message":"Activity logged","metadata":{"activity_type":"CREATE","description":"Created complaint: keshav's compliant","module":"Complaint","timestamp":"2025-07-15T02:41:12.852Z","user_id":382},"timestamp":"2025-07-15T02:41:12.853Z"}
{"level":"info","message":"Activity logged","metadata":{"activity_type":"CREATE","description":"Created new subadmin: subadmin for department 1","module":"Admin","timestamp":"2025-07-15T02:42:21.277Z","user_id":100},"timestamp":"2025-07-15T02:42:21.277Z"}
{"level":"info","message":"Activity logged","metadata":{"activity_type":"UPDATE","description":"Updated complaint 1  with response","module":"Complaint","timestamp":"2025-07-15T02:43:17.311Z","user_id":292},"timestamp":"2025-07-15T02:43:17.311Z"}
{"level":"info","message":"Activity logged","metadata":{"activity_type":"CREATE","description":"Added task for complaint 1","module":"SubadminTask","timestamp":"2025-07-15T02:43:27.647Z","user_id":292},"timestamp":"2025-07-15T02:43:27.647Z"}
{"level":"info","message":"Activity logged","metadata":{"activity_type":"UPDATE","description":"Updated complaint 1 status to: Complete","module":"Complaint","timestamp":"2025-07-15T02:50:32.675Z","user_id":292},"timestamp":"2025-07-15T02:50:32.675Z"}
{"level":"info","message":"Activity logged","metadata":{"activity_type":"CREATE","description":"Created complaint: keshav 2 ","module":"Complaint","timestamp":"2025-07-15T02:58:02.888Z","user_id":382},"timestamp":"2025-07-15T02:58:02.888Z"}
{"level":"info","message":"Activity logged","metadata":{"activity_type":"UPDATE","description":"Updated complaint 2 status to: Complete","module":"Complaint","timestamp":"2025-07-15T02:58:54.091Z","user_id":292},"timestamp":"2025-07-15T02:58:54.091Z"}
{"level":"info","message":"Activity logged","metadata":{"activity_type":"CREATE","description":"Created complaint: keshav 3","module":"Complaint","timestamp":"2025-07-15T03:04:06.041Z","user_id":382},"timestamp":"2025-07-15T03:04:06.041Z"}
{"level":"info","message":"Activity logged","metadata":{"activity_type":"CREATE","description":"Added task for complaint 3","module":"SubadminTask","timestamp":"2025-07-15T03:04:46.663Z","user_id":292},"timestamp":"2025-07-15T03:04:46.663Z"}
{"level":"info","message":"Activity logged","metadata":{"activity_type":"UPDATE","description":"Updated complaint 3 status to: Complete","module":"Complaint","timestamp":"2025-07-15T03:05:05.134Z","user_id":292},"timestamp":"2025-07-15T03:05:05.134Z"}
{"level":"info","message":"Activity logged","metadata":{"activity_type":"CREATE","description":"Created complaint: asdfasd","module":"Complaint","timestamp":"2025-07-15T03:05:53.379Z","user_id":382},"timestamp":"2025-07-15T03:05:53.380Z"}
{"level":"info","message":"Activity logged","metadata":{"activity_type":"CREATE","description":"Created complaint: helo ","module":"Complaint","timestamp":"2025-07-15T03:06:20.361Z","user_id":382},"timestamp":"2025-07-15T03:06:20.361Z"}
{"level":"info","message":"Activity logged","metadata":{"activity_type":"CREATE","description":"Added task for complaint 5","module":"SubadminTask","timestamp":"2025-07-15T03:07:08.450Z","user_id":292},"timestamp":"2025-07-15T03:07:08.450Z"}
{"level":"info","message":"Activity logged","metadata":{"activity_type":"CREATE","description":"Created complaint: Computer related","module":"Complaint","timestamp":"2025-07-15T07:55:16.480Z","user_id":101},"timestamp":"2025-07-15T07:55:16.482Z"}
{"level":"info","message":"Activity logged","metadata":{"activity_type":"UPDATE","description":"Updated complaint 3 status to: Complete","module":"Complaint","timestamp":"2025-07-15T08:02:59.204Z","user_id":123},"timestamp":"2025-07-15T08:02:59.205Z"}
{"level":"info","message":"Activity logged","metadata":{"activity_type":"CREATE","description":"Added task for complaint 10","module":"SubadminTask","timestamp":"2025-07-15T08:03:11.452Z","user_id":123},"timestamp":"2025-07-15T08:03:11.452Z"}
{"level":"info","message":"Activity logged","metadata":{"activity_type":"UPDATE","description":"Updated complaint 10 status to: Complete","module":"Complaint","timestamp":"2025-07-15T08:03:33.662Z","user_id":123},"timestamp":"2025-07-15T08:03:33.662Z"}
{"level":"info","message":"Activity logged","metadata":{"activity_type":"CREATE","description":"Added task for complaint 4","module":"SubadminTask","timestamp":"2025-07-15T08:11:35.022Z","user_id":123},"timestamp":"2025-07-15T08:11:35.022Z"}
{"level":"info","message":"Activity logged","metadata":{"activity_type":"UPDATE","description":"Updated complaint 4 status to: Complete","module":"Complaint","timestamp":"2025-07-15T08:12:00.357Z","user_id":123},"timestamp":"2025-07-15T08:12:00.358Z"}
{"level":"info","message":"Activity logged","metadata":{"activity_type":"CREATE","description":"Added task for complaint 9","module":"SubadminTask","timestamp":"2025-07-15T08:17:30.047Z","user_id":123},"timestamp":"2025-07-15T08:17:30.047Z"}
{"level":"info","message":"Activity logged","metadata":{"activity_type":"UPDATE","description":"Updated complaint 9 status to: Complete","module":"Complaint","timestamp":"2025-07-15T08:17:41.120Z","user_id":123},"timestamp":"2025-07-15T08:17:41.120Z"}
{"level":"info","message":"Activity logged","metadata":{"activity_type":"CREATE","description":"Created complaint: hellol","module":"Complaint","timestamp":"2025-07-15T08:44:19.136Z","user_id":292},"timestamp":"2025-07-15T08:44:19.136Z"}
{"level":"info","message":"Activity logged","metadata":{"activity_type":"CREATE","description":"Added task for complaint 11","module":"SubadminTask","timestamp":"2025-07-15T08:47:12.100Z","user_id":603},"timestamp":"2025-07-15T08:47:12.100Z"}
{"level":"info","message":"Activity logged","metadata":{"activity_type":"UPDATE","description":"Updated complaint 11 status to: Complete","module":"Complaint","timestamp":"2025-07-15T08:47:20.437Z","user_id":603},"timestamp":"2025-07-15T08:47:20.438Z"}
{"level":"info","message":"Activity logged","metadata":{"activity_type":"CREATE","description":"Created complaint: My first Compliant","module":"Complaint","timestamp":"2025-07-15T09:29:29.232Z","user_id":457},"timestamp":"2025-07-15T09:29:29.233Z"}
{"level":"info","message":"Activity logged","metadata":{"activity_type":"CREATE","description":"Created new subadmin: kundan for department 1","module":"Admin","timestamp":"2025-07-15T09:31:25.563Z","user_id":100},"timestamp":"2025-07-15T09:31:25.563Z"}
{"level":"info","message":"Activity logged","metadata":{"activity_type":"CREATE","description":"Added task for complaint 1","module":"SubadminTask","timestamp":"2025-07-15T09:32:04.925Z","user_id":123},"timestamp":"2025-07-15T09:32:04.925Z"}
{"level":"info","message":"Activity logged","metadata":{"activity_type":"UPDATE","description":"Updated complaint 1 status to: Complete","module":"Complaint","timestamp":"2025-07-15T09:32:39.067Z","user_id":123},"timestamp":"2025-07-15T09:32:39.067Z"}
